# JRE version: Java(TM) SE Runtime Environment (8.0_05-b13) (build 1.8.0_05-b13)
# Java VM: Java HotSpot(TM) 64-Bit Server VM (25.5-b02 mixed mode windows-amd64 compressed oops)
Heap:
 PSYoungGen      total 6144K, used 4855K [0x00000000ecc00000, 0x00000000ed700000, 0x0000000100000000)
  eden space 3584K, 66% used [0x00000000ecc00000,0x00000000ece57f98,0x00000000ecf80000)
  from space 2560K, 95% used [0x00000000ecf80000,0x00000000ed1e5e88,0x00000000ed200000)
  to   space 2560K, 0% used [0x00000000ed480000,0x00000000ed480000,0x00000000ed700000)
 ParOldGen       total 57856K, used 1983K [0x00000000c6400000, 0x00000000c9c80000, 0x00000000ecc00000)
  object space 57856K, 3% used [0x00000000c6400000,0x00000000c65eff00,0x00000000c9c80000)
 Metaspace       used 16594K, capacity 16706K, committed 17024K, reserved 1064960K
  class space    used 2086K, capacity 2133K, committed 2176K, reserved 1048576K
GC Heap History (10 events):
Event: 2.696 GC heap before
{Heap before GC invocations=5 (full 0):
 PSYoungGen      total 1536K, used 1536K [0x00000000ecc00000, 0x00000000ece00000, 0x0000000100000000)
  eden space 1024K, 100% used [0x00000000ecc00000,0x00000000ecd00000,0x00000000ecd00000)
  from space 512K, 100% used [0x00000000ecd80000,0x00000000ece00000,0x00000000ece00000)
  to   space 512K, 0% used [0x00000000ecd00000,0x00000000ecd00000,0x00000000ecd80000)
 ParOldGen       total 57856K, used 328K [0x00000000c6400000, 0x00000000c9c80000, 0x00000000ecc00000)
  object space 57856K, 0% used [0x00000000c6400000,0x00000000c6452000,0x00000000c9c80000)
 Metaspace       used 8149K, capacity 8306K, committed 8576K, reserved 1056768K
  class space    used 1019K, capacity 1068K, committed 1152K, reserved 1048576K
Event: 2.705 GC heap after
Heap after GC invocations=5 (full 0):
 PSYoungGen      total 1536K, used 496K [0x00000000ecc00000, 0x00000000ed100000, 0x0000000100000000)
  eden space 1024K, 0% used [0x00000000ecc00000,0x00000000ecc00000,0x00000000ecd00000)
  from space 512K, 96% used [0x00000000ecd00000,0x00000000ecd7c010,0x00000000ecd80000)
  to   space 1536K, 0% used [0x00000000ecf80000,0x00000000ecf80000,0x00000000ed100000)
 ParOldGen       total 57856K, used 956K [0x00000000c6400000, 0x00000000c9c80000, 0x00000000ecc00000)
  object space 57856K, 1% used [0x00000000c6400000,0x00000000c64ef010,0x00000000c9c80000)
 Metaspace       used 8149K, capacity 8306K, committed 8576K, reserved 1056768K
  class space    used 1019K, capacity 1068K, committed 1152K, reserved 1048576K
}
Event: 3.595 GC heap before
{Heap before GC invocations=6 (full 0):
 PSYoungGen      total 1536K, used 1520K [0x00000000ecc00000, 0x00000000ed100000, 0x0000000100000000)
  eden space 1024K, 100% used [0x00000000ecc00000,0x00000000ecd00000,0x00000000ecd00000)
  from space 512K, 96% used [0x00000000ecd00000,0x00000000ecd7c010,0x00000000ecd80000)
  to   space 1536K, 0% used [0x00000000ecf80000,0x00000000ecf80000,0x00000000ed100000)
 ParOldGen       total 57856K, used 956K [0x00000000c6400000, 0x00000000c9c80000, 0x00000000ecc00000)
  object space 57856K, 1% used [0x00000000c6400000,0x00000000c64ef010,0x00000000c9c80000)
 Metaspace       used 10376K, capacity 10506K, committed 10624K, reserved 1058816K
  class space    used 1347K, capacity 1393K, committed 1408K, reserved 1048576K
Event: 3.606 GC heap after
Heap after GC invocations=6 (full 0):
 PSYoungGen      total 3584K, used 992K [0x00000000ecc00000, 0x00000000ed100000, 0x0000000100000000)
  eden space 2048K, 0% used [0x00000000ecc00000,0x00000000ecc00000,0x00000000ece00000)
  from space 1536K, 64% used [0x00000000ecf80000,0x00000000ed078000,0x00000000ed100000)
  to   space 1536K, 0% used [0x00000000ece00000,0x00000000ece00000,0x00000000ecf80000)
 ParOldGen       total 57856K, used 956K [0x00000000c6400000, 0x00000000c9c80000, 0x00000000ecc00000)
  object space 57856K, 1% used [0x00000000c6400000,0x00000000c64ef010,0x00000000c9c80000)
 Metaspace       used 10376K, capacity 10506K, committed 10624K, reserved 1058816K
  class space    used 1347K, capacity 1393K, committed 1408K, reserved 1048576K
}
Event: 4.620 GC heap before
{Heap before GC invocations=7 (full 0):
 PSYoungGen      total 3584K, used 3040K [0x00000000ecc00000, 0x00000000ed100000, 0x0000000100000000)
  eden space 2048K, 100% used [0x00000000ecc00000,0x00000000ece00000,0x00000000ece00000)
  from space 1536K, 64% used [0x00000000ecf80000,0x00000000ed078000,0x00000000ed100000)
  to   space 1536K, 0% used [0x00000000ece00000,0x00000000ece00000,0x00000000ecf80000)
 ParOldGen       total 57856K, used 956K [0x00000000c6400000, 0x00000000c9c80000, 0x00000000ecc00000)
  object space 57856K, 1% used [0x00000000c6400000,0x00000000c64ef010,0x00000000c9c80000)
 Metaspace       used 11621K, capacity 11786K, committed 12160K, reserved 1060864K
  class space    used 1524K, capacity 1585K, committed 1664K, reserved 1048576K
Event: 4.646 GC heap after
Heap after GC invocations=7 (full 0):
 PSYoungGen      total 3584K, used 1506K [0x00000000ecc00000, 0x00000000ed400000, 0x0000000100000000)
  eden space 2048K, 0% used [0x00000000ecc00000,0x00000000ecc00000,0x00000000ece00000)
  from space 1536K, 98% used [0x00000000ece00000,0x00000000ecf78858,0x00000000ecf80000)
  to   space 2048K, 0% used [0x00000000ed200000,0x00000000ed200000,0x00000000ed400000)
 ParOldGen       total 57856K, used 1308K [0x00000000c6400000, 0x00000000c9c80000, 0x00000000ecc00000)
  object space 57856K, 2% used [0x00000000c6400000,0x00000000c6547060,0x00000000c9c80000)
 Metaspace       used 11621K, capacity 11786K, committed 12160K, reserved 1060864K
  class space    used 1524K, capacity 1585K, committed 1664K, reserved 1048576K
}
Event: 8.069 GC heap before
{Heap before GC invocations=8 (full 0):
 PSYoungGen      total 3584K, used 3554K [0x00000000ecc00000, 0x00000000ed400000, 0x0000000100000000)
  eden space 2048K, 100% used [0x00000000ecc00000,0x00000000ece00000,0x00000000ece00000)
  from space 1536K, 98% used [0x00000000ece00000,0x00000000ecf78858,0x00000000ecf80000)
  to   space 2048K, 0% used [0x00000000ed200000,0x00000000ed200000,0x00000000ed400000)
 ParOldGen       total 57856K, used 1308K [0x00000000c6400000, 0x00000000c9c80000, 0x00000000ecc00000)
  object space 57856K, 2% used [0x00000000c6400000,0x00000000c6547060,0x00000000c9c80000)
 Metaspace       used 13428K, capacity 13564K, committed 13952K, reserved 1060864K
  class space    used 1758K, capacity 1812K, committed 1920K, reserved 1048576K
Event: 8.956 GC heap after
Heap after GC invocations=8 (full 0):
 PSYoungGen      total 5632K, used 2038K [0x00000000ecc00000, 0x00000000ed500000, 0x0000000100000000)
  eden space 3584K, 0% used [0x00000000ecc00000,0x00000000ecc00000,0x00000000ecf80000)
  from space 2048K, 99% used [0x00000000ed200000,0x00000000ed3fdb10,0x00000000ed400000)
  to   space 2560K, 0% used [0x00000000ecf80000,0x00000000ecf80000,0x00000000ed200000)
 ParOldGen       total 57856K, used 1424K [0x00000000c6400000, 0x00000000c9c80000, 0x00000000ecc00000)
  object space 57856K, 2% used [0x00000000c6400000,0x00000000c6564070,0x00000000c9c80000)
 Metaspace       used 13428K, capacity 13564K, committed 13952K, reserved 1060864K
  class space    used 1758K, capacity 1812K, committed 1920K, reserved 1048576K
}
Event: 10.296 GC heap before
{Heap before GC invocations=9 (full 0):
 PSYoungGen      total 5632K, used 5611K [0x00000000ecc00000, 0x00000000ed500000, 0x0000000100000000)
  eden space 3584K, 99% used [0x00000000ecc00000,0x00000000ecf7d1b8,0x00000000ecf80000)
  from space 2048K, 99% used [0x00000000ed200000,0x00000000ed3fdb10,0x00000000ed400000)
  to   space 2560K, 0% used [0x00000000ecf80000,0x00000000ecf80000,0x00000000ed200000)
 ParOldGen       total 57856K, used 1424K [0x00000000c6400000, 0x00000000c9c80000, 0x00000000ecc00000)
  object space 57856K, 2% used [0x00000000c6400000,0x00000000c6564070,0x00000000c9c80000)
 Metaspace       used 15251K, capacity 15356K, committed 15616K, reserved 1062912K
  class space    used 1911K, capacity 1940K, committed 2048K, reserved 1048576K
Event: 10.313 GC heap after
Heap after GC invocations=9 (full 0):
 PSYoungGen      total 6144K, used 2455K [0x00000000ecc00000, 0x00000000ed700000, 0x0000000100000000)
  eden space 3584K, 0% used [0x00000000ecc00000,0x00000000ecc00000,0x00000000ecf80000)
  from space 2560K, 95% used [0x00000000ecf80000,0x00000000ed1e5e88,0x00000000ed200000)
  to   space 2560K, 0% used [0x00000000ed480000,0x00000000ed480000,0x00000000ed700000)
 ParOldGen       total 57856K, used 1983K [0x00000000c6400000, 0x00000000c9c80000, 0x00000000ecc00000)
  object space 57856K, 3% used [0x00000000c6400000,0x00000000c65eff00,0x00000000c9c80000)
 Metaspace       used 15251K, capacity 15356K, committed 15616K, reserved 1062912K
  class space    used 1911K, capacity 1940K, committed 2048K, reserved 1048576K
}

