# JRE version: Java(TM) SE Runtime Environment (8.0_05-b13) (build 1.8.0_05-b13)
# Java VM: Java HotSpot(TM) 64-Bit Server VM (25.5-b02 mixed mode windows-amd64 compressed oops)
Heap:
 PSYoungGen      total 29696K, used 28288K [0x00000000ecc00000, 0x00000000ef380000, 0x0000000100000000)
  eden space 22016K, 100% used [0x00000000ecc00000,0x00000000ee180000,0x00000000ee180000)
  from space 7680K, 81% used [0x00000000eea00000,0x00000000ef020000,0x00000000ef180000)
  to   space 8704K, 99% used [0x00000000ee180000,0x00000000ee9f8010,0x00000000eea00000)
 ParOldGen       total 57856K, used 26851K [0x00000000c6400000, 0x00000000c9c80000, 0x00000000ecc00000)
  object space 57856K, 46% used [0x00000000c6400000,0x00000000c7e38ee8,0x00000000c9c80000)
 Metaspace       used 17586K, capacity 17794K, committed 18176K, reserved 1064960K
  class space    used 2135K, capacity 2197K, committed 2304K, reserved 1048576K
GC Heap History (10 events):
Event: 104.223 GC heap after
Heap after GC invocations=12 (full 0):
 PSYoungGen      total 13312K, used 256K [0x00000000ecc00000, 0x00000000edc00000, 0x0000000100000000)
  eden space 10240K, 0% used [0x00000000ecc00000,0x00000000ecc00000,0x00000000ed600000)
  from space 3072K, 8% used [0x00000000ed900000,0x00000000ed940000,0x00000000edc00000)
  to   space 3072K, 0% used [0x00000000ed600000,0x00000000ed600000,0x00000000ed900000)
 ParOldGen       total 57856K, used 4323K [0x00000000c6400000, 0x00000000c9c80000, 0x00000000ecc00000)
  object space 57856K, 7% used [0x00000000c6400000,0x00000000c6838ed8,0x00000000c9c80000)
 Metaspace       used 17451K, capacity 17666K, committed 17920K, reserved 1064960K
  class space    used 2133K, capacity 2197K, committed 2304K, reserved 1048576K
}
Event: 143.099 GC heap before
{Heap before GC invocations=13 (full 0):
 PSYoungGen      total 13312K, used 10496K [0x00000000ecc00000, 0x00000000edc00000, 0x0000000100000000)
  eden space 10240K, 100% used [0x00000000ecc00000,0x00000000ed600000,0x00000000ed600000)
  from space 3072K, 8% used [0x00000000ed900000,0x00000000ed940000,0x00000000edc00000)
  to   space 3072K, 0% used [0x00000000ed600000,0x00000000ed600000,0x00000000ed900000)
 ParOldGen       total 57856K, used 4323K [0x00000000c6400000, 0x00000000c9c80000, 0x00000000ecc00000)
  object space 57856K, 7% used [0x00000000c6400000,0x00000000c6838ed8,0x00000000c9c80000)
 Metaspace       used 17581K, capacity 17730K, committed 17920K, reserved 1064960K
  class space    used 2134K, capacity 2197K, committed 2304K, reserved 1048576K
Event: 143.118 GC heap after
Heap after GC invocations=13 (full 0):
 PSYoungGen      total 13312K, used 2304K [0x00000000ecc00000, 0x00000000ee200000, 0x0000000100000000)
  eden space 10240K, 0% used [0x00000000ecc00000,0x00000000ecc00000,0x00000000ed600000)
  from space 3072K, 75% used [0x00000000ed600000,0x00000000ed840010,0x00000000ed900000)
  to   space 3072K, 0% used [0x00000000edf00000,0x00000000edf00000,0x00000000ee200000)
 ParOldGen       total 57856K, used 4395K [0x00000000c6400000, 0x00000000c9c80000, 0x00000000ecc00000)
  object space 57856K, 7% used [0x00000000c6400000,0x00000000c684aed8,0x00000000c9c80000)
 Metaspace       used 17581K, capacity 17730K, committed 17920K, reserved 1064960K
  class space    used 2134K, capacity 2197K, committed 2304K, reserved 1048576K
}
Event: 143.622 GC heap before
{Heap before GC invocations=14 (full 0):
 PSYoungGen      total 13312K, used 12544K [0x00000000ecc00000, 0x00000000ee200000, 0x0000000100000000)
  eden space 10240K, 100% used [0x00000000ecc00000,0x00000000ed600000,0x00000000ed600000)
  from space 3072K, 75% used [0x00000000ed600000,0x00000000ed840010,0x00000000ed900000)
  to   space 3072K, 0% used [0x00000000edf00000,0x00000000edf00000,0x00000000ee200000)
 ParOldGen       total 57856K, used 4395K [0x00000000c6400000, 0x00000000c9c80000, 0x00000000ecc00000)
  object space 57856K, 7% used [0x00000000c6400000,0x00000000c684aed8,0x00000000c9c80000)
 Metaspace       used 17586K, capacity 17794K, committed 18176K, reserved 1064960K
  class space    used 2135K, capacity 2197K, committed 2304K, reserved 1048576K
Event: 143.664 GC heap after
Heap after GC invocations=14 (full 0):
 PSYoungGen      total 17408K, used 3040K [0x00000000ecc00000, 0x00000000ee600000, 0x0000000100000000)
  eden space 14336K, 0% used [0x00000000ecc00000,0x00000000ecc00000,0x00000000eda00000)
  from space 3072K, 98% used [0x00000000edf00000,0x00000000ee1f8010,0x00000000ee200000)
  to   space 5120K, 0% used [0x00000000eda00000,0x00000000eda00000,0x00000000edf00000)
 ParOldGen       total 57856K, used 7867K [0x00000000c6400000, 0x00000000c9c80000, 0x00000000ecc00000)
  object space 57856K, 13% used [0x00000000c6400000,0x00000000c6baeed8,0x00000000c9c80000)
 Metaspace       used 17586K, capacity 17794K, committed 18176K, reserved 1064960K
  class space    used 2135K, capacity 2197K, committed 2304K, reserved 1048576K
}
Event: 143.878 GC heap before
{Heap before GC invocations=15 (full 0):
 PSYoungGen      total 17408K, used 17376K [0x00000000ecc00000, 0x00000000ee600000, 0x0000000100000000)
  eden space 14336K, 100% used [0x00000000ecc00000,0x00000000eda00000,0x00000000eda00000)
  from space 3072K, 98% used [0x00000000edf00000,0x00000000ee1f8010,0x00000000ee200000)
  to   space 5120K, 0% used [0x00000000eda00000,0x00000000eda00000,0x00000000edf00000)
 ParOldGen       total 57856K, used 7867K [0x00000000c6400000, 0x00000000c9c80000, 0x00000000ecc00000)
  object space 57856K, 13% used [0x00000000c6400000,0x00000000c6baeed8,0x00000000c9c80000)
 Metaspace       used 17586K, capacity 17794K, committed 18176K, reserved 1064960K
  class space    used 2135K, capacity 2197K, committed 2304K, reserved 1048576K
Event: 143.967 GC heap after
Heap after GC invocations=15 (full 0):
 PSYoungGen      total 19456K, used 5088K [0x00000000ecc00000, 0x00000000ef180000, 0x0000000100000000)
  eden space 14336K, 0% used [0x00000000ecc00000,0x00000000ecc00000,0x00000000eda00000)
  from space 5120K, 99% used [0x00000000eda00000,0x00000000edef8010,0x00000000edf00000)
  to   space 7680K, 0% used [0x00000000eea00000,0x00000000eea00000,0x00000000ef180000)
 ParOldGen       total 57856K, used 12659K [0x00000000c6400000, 0x00000000c9c80000, 0x00000000ecc00000)
  object space 57856K, 21% used [0x00000000c6400000,0x00000000c705ced8,0x00000000c9c80000)
 Metaspace       used 17586K, capacity 17794K, committed 18176K, reserved 1064960K
  class space    used 2135K, capacity 2197K, committed 2304K, reserved 1048576K
}
Event: 144.136 GC heap before
{Heap before GC invocations=16 (full 0):
 PSYoungGen      total 19456K, used 18249K [0x00000000ecc00000, 0x00000000ef180000, 0x0000000100000000)
  eden space 14336K, 91% used [0x00000000ecc00000,0x00000000ed8da6c8,0x00000000eda00000)
  from space 5120K, 99% used [0x00000000eda00000,0x00000000edef8010,0x00000000edf00000)
  to   space 7680K, 0% used [0x00000000eea00000,0x00000000eea00000,0x00000000ef180000)
 ParOldGen       total 57856K, used 12659K [0x00000000c6400000, 0x00000000c9c80000, 0x00000000ecc00000)
  object space 57856K, 21% used [0x00000000c6400000,0x00000000c705ced8,0x00000000c9c80000)
 Metaspace       used 17586K, capacity 17794K, committed 18176K, reserved 1064960K
  class space    used 2135K, capacity 2197K, committed 2304K, reserved 1048576K
Event: 144.226 GC heap after
Heap after GC invocations=16 (full 0):
 PSYoungGen      total 29696K, used 6272K [0x00000000ecc00000, 0x00000000ef380000, 0x0000000100000000)
  eden space 22016K, 0% used [0x00000000ecc00000,0x00000000ecc00000,0x00000000ee180000)
  from space 7680K, 81% used [0x00000000eea00000,0x00000000ef020000,0x00000000ef180000)
  to   space 8704K, 0% used [0x00000000ee180000,0x00000000ee180000,0x00000000eea00000)
 ParOldGen       total 57856K, used 17763K [0x00000000c6400000, 0x00000000c9c80000, 0x00000000ecc00000)
  object space 57856K, 30% used [0x00000000c6400000,0x00000000c7558ee8,0x00000000c9c80000)
 Metaspace       used 17586K, capacity 17794K, committed 18176K, reserved 1064960K
  class space    used 2135K, capacity 2197K, committed 2304K, reserved 1048576K
}
Event: 144.483 GC heap before
{Heap before GC invocations=17 (full 0):
 PSYoungGen      total 29696K, used 28288K [0x00000000ecc00000, 0x00000000ef380000, 0x0000000100000000)
  eden space 22016K, 100% used [0x00000000ecc00000,0x00000000ee180000,0x00000000ee180000)
  from space 7680K, 81% used [0x00000000eea00000,0x00000000ef020000,0x00000000ef180000)
  to   space 8704K, 0% used [0x00000000ee180000,0x00000000ee180000,0x00000000eea00000)
 ParOldGen       total 57856K, used 17763K [0x00000000c6400000, 0x00000000c9c80000, 0x00000000ecc00000)
  object space 57856K, 30% used [0x00000000c6400000,0x00000000c7558ee8,0x00000000c9c80000)
 Metaspace       used 17586K, capacity 17794K, committed 18176K, reserved 1064960K
  class space    used 2135K, capacity 2197K, committed 2304K, reserved 1048576K

